<?xml version="1.0" encoding="UTF-8"?>
<testsuite xmlns:xsi="http://www.w3.org/2001/XMLSchema-instance" xsi:noNamespaceSchemaLocation="https://maven.apache.org/surefire/maven-surefire-plugin/xsd/surefire-test-report.xsd" name="com.cloudera.nifi.processors.tp.MyAppendTextTest" time="0.026" tests="1" errors="0" skipped="0" failures="0">
  <properties>
    <property name="java.specification.version" value="19"/>
    <property name="sun.jnu.encoding" value="UTF-8"/>
    <property name="java.class.path" value="/Users/smavani/IdeaProjects/nifi-tp-bundle/nifi-tp-processors/target/test-classes:/Users/smavani/IdeaProjects/nifi-tp-bundle/nifi-tp-processors/target/classes:/Users/smavani/.m2/repository/org/apache/nifi/nifi-api/1.18.0/nifi-api-1.18.0.jar:/Users/smavani/.m2/repository/org/apache/nifi/nifi-utils/1.18.0/nifi-utils-1.18.0.jar:/Users/smavani/.m2/repository/jakarta/xml/bind/jakarta.xml.bind-api/2.3.3/jakarta.xml.bind-api-2.3.3.jar:/Users/smavani/.m2/repository/org/glassfish/jaxb/jaxb-runtime/2.3.5/jaxb-runtime-2.3.5.jar:/Users/smavani/.m2/repository/org/glassfish/jaxb/txw2/2.3.5/txw2-2.3.5.jar:/Users/smavani/.m2/repository/com/sun/istack/istack-commons-runtime/3.0.12/istack-commons-runtime-3.0.12.jar:/Users/smavani/.m2/repository/com/sun/activation/jakarta.activation/1.2.2/jakarta.activation-1.2.2.jar:/Users/smavani/.m2/repository/org/apache/nifi/nifi-mock/1.18.0/nifi-mock-1.18.0.jar:/Users/smavani/.m2/repository/org/apache/nifi/nifi-framework-api/1.18.0/nifi-framework-api-1.18.0.jar:/Users/smavani/.m2/repository/org/apache/nifi/nifi-parameter/1.18.0/nifi-parameter-1.18.0.jar:/Users/smavani/.m2/repository/org/apache/nifi/nifi-framework-core-api/1.18.0/nifi-framework-core-api-1.18.0.jar:/Users/smavani/.m2/repository/org/apache/nifi/nifi-framework-nar-utils/1.18.0/nifi-framework-nar-utils-1.18.0.jar:/Users/smavani/.m2/repository/org/apache/nifi/nifi-runtime-manifest-core/1.18.0/nifi-runtime-manifest-core-1.18.0.jar:/Users/smavani/.m2/repository/org/apache/nifi/nifi-extension-manifest-model/1.18.0/nifi-extension-manifest-model-1.18.0.jar:/Users/smavani/.m2/repository/org/apache/nifi/nifi-extension-manifest-parser/1.18.0/nifi-extension-manifest-parser-1.18.0.jar:/Users/smavani/.m2/repository/org/apache/nifi/nifi-client-dto/1.18.0/nifi-client-dto-1.18.0.jar:/Users/smavani/.m2/repository/io/swagger/swagger-annotations/1.6.6/swagger-annotations-1.6.6.jar:/Users/smavani/.m2/repository/org/apache/nifi/c2-protocol-component-api/1.18.0/c2-protocol-component-api-1.18.0.jar:/Users/smavani/.m2/repository/org/apache/nifi/nifi-site-to-site-client/1.18.0/nifi-site-to-site-client-1.18.0.jar:/Users/smavani/.m2/repository/org/apache/nifi/nifi-security-utils/1.18.0/nifi-security-utils-1.18.0.jar:/Users/smavani/.m2/repository/org/apache/nifi/nifi-deprecation-log/1.18.0/nifi-deprecation-log-1.18.0.jar:/Users/smavani/.m2/repository/org/apache/nifi/nifi-security-utils-api/1.18.0/nifi-security-utils-api-1.18.0.jar:/Users/smavani/.m2/repository/org/bouncycastle/bcpkix-jdk15on/1.70/bcpkix-jdk15on-1.70.jar:/Users/smavani/.m2/repository/org/bouncycastle/bcutil-jdk15on/1.70/bcutil-jdk15on-1.70.jar:/Users/smavani/.m2/repository/org/apache/nifi/nifi-properties/1.18.0/nifi-properties-1.18.0.jar:/Users/smavani/.m2/repository/org/apache/nifi/nifi-property-utils/1.18.0/nifi-property-utils-1.18.0.jar:/Users/smavani/.m2/repository/at/favre/lib/bcrypt/0.9.0/bcrypt-0.9.0.jar:/Users/smavani/.m2/repository/at/favre/lib/bytes/1.3.0/bytes-1.3.0.jar:/Users/smavani/.m2/repository/org/apache/nifi/nifi-xml-processing/1.18.0/nifi-xml-processing-1.18.0.jar:/Users/smavani/.m2/repository/org/apache/httpcomponents/client5/httpclient5/5.0-beta4/httpclient5-5.0-beta4.jar:/Users/smavani/.m2/repository/org/apache/httpcomponents/core5/httpcore5/5.0-beta7/httpcore5-5.0-beta7.jar:/Users/smavani/.m2/repository/org/apache/httpcomponents/core5/httpcore5-h2/5.0-beta7/httpcore5-h2-5.0-beta7.jar:/Users/smavani/.m2/repository/org/apache/httpcomponents/httpasyncclient/4.1.4/httpasyncclient-4.1.4.jar:/Users/smavani/.m2/repository/org/apache/httpcomponents/httpcore-nio/4.4.10/httpcore-nio-4.4.10.jar:/Users/smavani/.m2/repository/javax/validation/validation-api/2.0.1.Final/validation-api-2.0.1.Final.jar:/Users/smavani/.m2/repository/org/apache/nifi/nifi-framework-authorization/1.18.0/nifi-framework-authorization-1.18.0.jar:/Users/smavani/.m2/repository/org/apache/nifi/nifi-expression-language/1.18.0/nifi-expression-language-1.18.0.jar:/Users/smavani/.m2/repository/org/antlr/antlr-runtime/3.5.2/antlr-runtime-3.5.2.jar:/Users/smavani/.m2/repository/org/apache/nifi/nifi-uuid5/1.18.0/nifi-uuid5-1.18.0.jar:/Users/smavani/.m2/repository/com/jayway/jsonpath/json-path/2.6.0/json-path-2.6.0.jar:/Users/smavani/.m2/repository/org/apache/nifi/nifi-data-provenance-utils/1.18.0/nifi-data-provenance-utils-1.18.0.jar:/Users/smavani/.m2/repository/org/junit/jupiter/junit-jupiter-api/5.9.0/junit-jupiter-api-5.9.0.jar:/Users/smavani/.m2/repository/org/opentest4j/opentest4j/1.2.0/opentest4j-1.2.0.jar:/Users/smavani/.m2/repository/org/junit/platform/junit-platform-commons/1.9.0/junit-platform-commons-1.9.0.jar:/Users/smavani/.m2/repository/org/apiguardian/apiguardian-api/1.1.2/apiguardian-api-1.1.2.jar:/Users/smavani/.m2/repository/org/slf4j/slf4j-simple/2.0.5/slf4j-simple-2.0.5.jar:/Users/smavani/.m2/repository/org/slf4j/slf4j-api/2.0.5/slf4j-api-2.0.5.jar:/Users/smavani/.m2/repository/javax/ws/rs/javax.ws.rs-api/2.1.1/javax.ws.rs-api-2.1.1.jar:/Users/smavani/.m2/repository/com/fasterxml/jackson/core/jackson-databind/2.13.4.1/jackson-databind-2.13.4.1.jar:/Users/smavani/.m2/repository/com/fasterxml/jackson/core/jackson-annotations/2.13.4/jackson-annotations-2.13.4.jar:/Users/smavani/.m2/repository/com/fasterxml/jackson/core/jackson-core/2.13.4/jackson-core-2.13.4.jar:/Users/smavani/.m2/repository/com/fasterxml/jackson/datatype/jackson-datatype-jsr310/2.13.3/jackson-datatype-jsr310-2.13.3.jar:/Users/smavani/.m2/repository/com/fasterxml/jackson/jaxrs/jackson-jaxrs-json-provider/2.13.4/jackson-jaxrs-json-provider-2.13.4.jar:/Users/smavani/.m2/repository/com/fasterxml/jackson/jaxrs/jackson-jaxrs-base/2.13.4/jackson-jaxrs-base-2.13.4.jar:/Users/smavani/.m2/repository/com/fasterxml/jackson/module/jackson-module-jaxb-annotations/2.13.4/jackson-module-jaxb-annotations-2.13.4.jar:/Users/smavani/.m2/repository/org/apache/httpcomponents/httpclient/4.5.13/httpclient-4.5.13.jar:/Users/smavani/.m2/repository/org/apache/httpcomponents/httpcore/4.4.13/httpcore-4.4.13.jar:/Users/smavani/.m2/repository/commons-logging/commons-logging/1.2/commons-logging-1.2.jar:/Users/smavani/.m2/repository/commons-codec/commons-codec/1.11/commons-codec-1.11.jar:/Users/smavani/.m2/repository/org/glassfish/jersey/core/jersey-client/2.34/jersey-client-2.34.jar:/Users/smavani/.m2/repository/jakarta/ws/rs/jakarta.ws.rs-api/2.1.6/jakarta.ws.rs-api-2.1.6.jar:/Users/smavani/.m2/repository/org/glassfish/jersey/core/jersey-common/2.34/jersey-common-2.34.jar:/Users/smavani/.m2/repository/jakarta/annotation/jakarta.annotation-api/1.3.5/jakarta.annotation-api-1.3.5.jar:/Users/smavani/.m2/repository/org/glassfish/hk2/osgi-resource-locator/1.0.3/osgi-resource-locator-1.0.3.jar:/Users/smavani/.m2/repository/org/glassfish/hk2/external/jakarta.inject/2.6.1/jakarta.inject-2.6.1.jar:/Users/smavani/.m2/repository/org/glassfish/jersey/connectors/jersey-apache-connector/2.34/jersey-apache-connector-2.34.jar:/Users/smavani/.m2/repository/org/bouncycastle/bcprov-jdk15on/1.69/bcprov-jdk15on-1.69.jar:/Users/smavani/.m2/repository/org/glassfish/jersey/inject/jersey-hk2/2.26/jersey-hk2-2.26.jar:/Users/smavani/.m2/repository/org/glassfish/hk2/hk2-locator/2.5.0-b42/hk2-locator-2.5.0-b42.jar:/Users/smavani/.m2/repository/org/glassfish/hk2/external/javax.inject/2.5.0-b42/javax.inject-2.5.0-b42.jar:/Users/smavani/.m2/repository/javax/annotation/javax.annotation-api/1.2/javax.annotation-api-1.2.jar:/Users/smavani/.m2/repository/org/javassist/javassist/3.22.0-CR2/javassist-3.22.0-CR2.jar:/Users/smavani/.m2/repository/org/glassfish/hk2/hk2-api/2.6.1/hk2-api-2.6.1.jar:/Users/smavani/.m2/repository/org/glassfish/hk2/hk2-utils/2.6.1/hk2-utils-2.6.1.jar:/Users/smavani/.m2/repository/org/glassfish/hk2/external/aopalliance-repackaged/2.6.1/aopalliance-repackaged-2.6.1.jar:/Users/smavani/.m2/repository/com/google/guava/guava/30.1.1-jre/guava-30.1.1-jre.jar:/Users/smavani/.m2/repository/com/google/guava/failureaccess/1.0.1/failureaccess-1.0.1.jar:/Users/smavani/.m2/repository/com/google/guava/listenablefuture/9999.0-empty-to-avoid-conflict-with-guava/listenablefuture-9999.0-empty-to-avoid-conflict-with-guava.jar:/Users/smavani/.m2/repository/com/google/code/findbugs/jsr305/3.0.2/jsr305-3.0.2.jar:/Users/smavani/.m2/repository/org/checkerframework/checker-qual/3.8.0/checker-qual-3.8.0.jar:/Users/smavani/.m2/repository/com/google/errorprone/error_prone_annotations/2.5.1/error_prone_annotations-2.5.1.jar:/Users/smavani/.m2/repository/com/google/j2objc/j2objc-annotations/1.3/j2objc-annotations-1.3.jar:/Users/smavani/.m2/repository/org/apache/commons/commons-compress/1.21/commons-compress-1.21.jar:/Users/smavani/.m2/repository/junit/junit/4.13.2/junit-4.13.2.jar:/Users/smavani/.m2/repository/org/hamcrest/hamcrest-core/1.3/hamcrest-core-1.3.jar:/Users/smavani/.m2/repository/org/apache/hadoop/hadoop-common/3.3.4/hadoop-common-3.3.4.jar:/Users/smavani/.m2/repository/org/apache/hadoop/thirdparty/hadoop-shaded-protobuf_3_7/1.1.1/hadoop-shaded-protobuf_3_7-1.1.1.jar:/Users/smavani/.m2/repository/org/apache/hadoop/hadoop-annotations/3.3.4/hadoop-annotations-3.3.4.jar:/Users/smavani/.m2/repository/org/apache/hadoop/thirdparty/hadoop-shaded-guava/1.1.1/hadoop-shaded-guava-1.1.1.jar:/Users/smavani/.m2/repository/commons-cli/commons-cli/1.2/commons-cli-1.2.jar:/Users/smavani/.m2/repository/org/apache/commons/commons-math3/3.1.1/commons-math3-3.1.1.jar:/Users/smavani/.m2/repository/commons-io/commons-io/2.8.0/commons-io-2.8.0.jar:/Users/smavani/.m2/repository/commons-net/commons-net/3.6/commons-net-3.6.jar:/Users/smavani/.m2/repository/commons-collections/commons-collections/3.2.2/commons-collections-3.2.2.jar:/Users/smavani/.m2/repository/javax/servlet/javax.servlet-api/3.1.0/javax.servlet-api-3.1.0.jar:/Users/smavani/.m2/repository/jakarta/activation/jakarta.activation-api/1.2.1/jakarta.activation-api-1.2.1.jar:/Users/smavani/.m2/repository/org/eclipse/jetty/jetty-server/9.4.43.v20210629/jetty-server-9.4.43.v20210629.jar:/Users/smavani/.m2/repository/org/eclipse/jetty/jetty-http/9.4.43.v20210629/jetty-http-9.4.43.v20210629.jar:/Users/smavani/.m2/repository/org/eclipse/jetty/jetty-io/9.4.43.v20210629/jetty-io-9.4.43.v20210629.jar:/Users/smavani/.m2/repository/org/eclipse/jetty/jetty-util/9.4.43.v20210629/jetty-util-9.4.43.v20210629.jar:/Users/smavani/.m2/repository/org/eclipse/jetty/jetty-servlet/9.4.43.v20210629/jetty-servlet-9.4.43.v20210629.jar:/Users/smavani/.m2/repository/org/eclipse/jetty/jetty-security/9.4.43.v20210629/jetty-security-9.4.43.v20210629.jar:/Users/smavani/.m2/repository/org/eclipse/jetty/jetty-webapp/9.4.43.v20210629/jetty-webapp-9.4.43.v20210629.jar:/Users/smavani/.m2/repository/org/eclipse/jetty/jetty-xml/9.4.43.v20210629/jetty-xml-9.4.43.v20210629.jar:/Users/smavani/.m2/repository/javax/servlet/jsp/jsp-api/2.1/jsp-api-2.1.jar:/Users/smavani/.m2/repository/com/sun/jersey/jersey-core/1.19/jersey-core-1.19.jar:/Users/smavani/.m2/repository/javax/ws/rs/jsr311-api/1.1.1/jsr311-api-1.1.1.jar:/Users/smavani/.m2/repository/com/sun/jersey/jersey-servlet/1.19/jersey-servlet-1.19.jar:/Users/smavani/.m2/repository/com/sun/jersey/jersey-json/1.19/jersey-json-1.19.jar:/Users/smavani/.m2/repository/org/codehaus/jettison/jettison/1.1/jettison-1.1.jar:/Users/smavani/.m2/repository/com/sun/xml/bind/jaxb-impl/2.2.3-1/jaxb-impl-2.2.3-1.jar:/Users/smavani/.m2/repository/javax/xml/bind/jaxb-api/2.2.2/jaxb-api-2.2.2.jar:/Users/smavani/.m2/repository/javax/xml/stream/stax-api/1.0-2/stax-api-1.0-2.jar:/Users/smavani/.m2/repository/javax/activation/activation/1.1/activation-1.1.jar:/Users/smavani/.m2/repository/org/codehaus/jackson/jackson-core-asl/1.9.2/jackson-core-asl-1.9.2.jar:/Users/smavani/.m2/repository/org/codehaus/jackson/jackson-mapper-asl/1.9.2/jackson-mapper-asl-1.9.2.jar:/Users/smavani/.m2/repository/org/codehaus/jackson/jackson-jaxrs/1.9.2/jackson-jaxrs-1.9.2.jar:/Users/smavani/.m2/repository/org/codehaus/jackson/jackson-xc/1.9.2/jackson-xc-1.9.2.jar:/Users/smavani/.m2/repository/com/sun/jersey/jersey-server/1.19/jersey-server-1.19.jar:/Users/smavani/.m2/repository/ch/qos/reload4j/reload4j/1.2.22/reload4j-1.2.22.jar:/Users/smavani/.m2/repository/commons-beanutils/commons-beanutils/1.9.4/commons-beanutils-1.9.4.jar:/Users/smavani/.m2/repository/org/apache/commons/commons-configuration2/2.1.1/commons-configuration2-2.1.1.jar:/Users/smavani/.m2/repository/org/apache/commons/commons-lang3/3.12.0/commons-lang3-3.12.0.jar:/Users/smavani/.m2/repository/org/apache/commons/commons-text/1.4/commons-text-1.4.jar:/Users/smavani/.m2/repository/org/slf4j/slf4j-reload4j/1.7.36/slf4j-reload4j-1.7.36.jar:/Users/smavani/.m2/repository/org/apache/avro/avro/1.7.7/avro-1.7.7.jar:/Users/smavani/.m2/repository/com/thoughtworks/paranamer/paranamer/2.3/paranamer-2.3.jar:/Users/smavani/.m2/repository/com/google/re2j/re2j/1.1/re2j-1.1.jar:/Users/smavani/.m2/repository/com/google/protobuf/protobuf-java/2.5.0/protobuf-java-2.5.0.jar:/Users/smavani/.m2/repository/com/google/code/gson/gson/2.8.9/gson-2.8.9.jar:/Users/smavani/.m2/repository/org/apache/hadoop/hadoop-auth/3.3.4/hadoop-auth-3.3.4.jar:/Users/smavani/.m2/repository/com/nimbusds/nimbus-jose-jwt/9.8.1/nimbus-jose-jwt-9.8.1.jar:/Users/smavani/.m2/repository/com/github/stephenc/jcip/jcip-annotations/1.0-1/jcip-annotations-1.0-1.jar:/Users/smavani/.m2/repository/net/minidev/json-smart/2.4.7/json-smart-2.4.7.jar:/Users/smavani/.m2/repository/net/minidev/accessors-smart/2.4.7/accessors-smart-2.4.7.jar:/Users/smavani/.m2/repository/org/ow2/asm/asm/9.1/asm-9.1.jar:/Users/smavani/.m2/repository/org/apache/curator/curator-framework/4.2.0/curator-framework-4.2.0.jar:/Users/smavani/.m2/repository/org/apache/kerby/kerb-simplekdc/1.0.1/kerb-simplekdc-1.0.1.jar:/Users/smavani/.m2/repository/org/apache/kerby/kerb-client/1.0.1/kerb-client-1.0.1.jar:/Users/smavani/.m2/repository/org/apache/kerby/kerby-config/1.0.1/kerby-config-1.0.1.jar:/Users/smavani/.m2/repository/org/apache/kerby/kerb-common/1.0.1/kerb-common-1.0.1.jar:/Users/smavani/.m2/repository/org/apache/kerby/kerb-crypto/1.0.1/kerb-crypto-1.0.1.jar:/Users/smavani/.m2/repository/org/apache/kerby/kerb-util/1.0.1/kerb-util-1.0.1.jar:/Users/smavani/.m2/repository/org/apache/kerby/token-provider/1.0.1/token-provider-1.0.1.jar:/Users/smavani/.m2/repository/org/apache/kerby/kerb-admin/1.0.1/kerb-admin-1.0.1.jar:/Users/smavani/.m2/repository/org/apache/kerby/kerb-server/1.0.1/kerb-server-1.0.1.jar:/Users/smavani/.m2/repository/org/apache/kerby/kerb-identity/1.0.1/kerb-identity-1.0.1.jar:/Users/smavani/.m2/repository/org/apache/kerby/kerby-xdr/1.0.1/kerby-xdr-1.0.1.jar:/Users/smavani/.m2/repository/com/jcraft/jsch/0.1.55/jsch-0.1.55.jar:/Users/smavani/.m2/repository/org/apache/curator/curator-client/4.2.0/curator-client-4.2.0.jar:/Users/smavani/.m2/repository/org/apache/curator/curator-recipes/4.2.0/curator-recipes-4.2.0.jar:/Users/smavani/.m2/repository/org/apache/zookeeper/zookeeper/3.5.6/zookeeper-3.5.6.jar:/Users/smavani/.m2/repository/org/apache/zookeeper/zookeeper-jute/3.5.6/zookeeper-jute-3.5.6.jar:/Users/smavani/.m2/repository/org/apache/yetus/audience-annotations/0.5.0/audience-annotations-0.5.0.jar:/Users/smavani/.m2/repository/io/netty/netty-handler/4.1.42.Final/netty-handler-4.1.42.Final.jar:/Users/smavani/.m2/repository/io/netty/netty-transport-native-epoll/4.1.42.Final/netty-transport-native-epoll-4.1.42.Final.jar:/Users/smavani/.m2/repository/org/slf4j/slf4j-log4j12/1.7.25/slf4j-log4j12-1.7.25.jar:/Users/smavani/.m2/repository/log4j/log4j/1.2.17/log4j-1.2.17.jar:/Users/smavani/.m2/repository/org/apache/kerby/kerb-core/1.0.1/kerb-core-1.0.1.jar:/Users/smavani/.m2/repository/org/apache/kerby/kerby-pkix/1.0.1/kerby-pkix-1.0.1.jar:/Users/smavani/.m2/repository/org/apache/kerby/kerby-asn1/1.0.1/kerby-asn1-1.0.1.jar:/Users/smavani/.m2/repository/org/apache/kerby/kerby-util/1.0.1/kerby-util-1.0.1.jar:/Users/smavani/.m2/repository/org/codehaus/woodstox/stax2-api/4.2.1/stax2-api-4.2.1.jar:/Users/smavani/.m2/repository/com/fasterxml/woodstox/woodstox-core/5.3.0/woodstox-core-5.3.0.jar:/Users/smavani/.m2/repository/dnsjava/dnsjava/2.1.7/dnsjava-2.1.7.jar:/Users/smavani/.m2/repository/org/xerial/snappy/snappy-java/1.1.8.2/snappy-java-1.1.8.2.jar:/Users/smavani/.m2/repository/org/apache/hadoop/hadoop-hdfs/3.3.5/hadoop-hdfs-3.3.5.jar:/Users/smavani/.m2/repository/org/eclipse/jetty/jetty-util-ajax/9.4.48.v20220622/jetty-util-ajax-9.4.48.v20220622.jar:/Users/smavani/.m2/repository/commons-daemon/commons-daemon/1.0.13/commons-daemon-1.0.13.jar:/Users/smavani/.m2/repository/io/netty/netty/3.10.6.Final/netty-3.10.6.Final.jar:/Users/smavani/.m2/repository/io/netty/netty-all/4.1.77.Final/netty-all-4.1.77.Final.jar:/Users/smavani/.m2/repository/io/netty/netty-buffer/4.1.77.Final/netty-buffer-4.1.77.Final.jar:/Users/smavani/.m2/repository/io/netty/netty-codec/4.1.77.Final/netty-codec-4.1.77.Final.jar:/Users/smavani/.m2/repository/io/netty/netty-codec-dns/4.1.77.Final/netty-codec-dns-4.1.77.Final.jar:/Users/smavani/.m2/repository/io/netty/netty-codec-haproxy/4.1.77.Final/netty-codec-haproxy-4.1.77.Final.jar:/Users/smavani/.m2/repository/io/netty/netty-codec-http/4.1.77.Final/netty-codec-http-4.1.77.Final.jar:/Users/smavani/.m2/repository/io/netty/netty-codec-http2/4.1.77.Final/netty-codec-http2-4.1.77.Final.jar:/Users/smavani/.m2/repository/io/netty/netty-codec-memcache/4.1.77.Final/netty-codec-memcache-4.1.77.Final.jar:/Users/smavani/.m2/repository/io/netty/netty-codec-mqtt/4.1.77.Final/netty-codec-mqtt-4.1.77.Final.jar:/Users/smavani/.m2/repository/io/netty/netty-codec-redis/4.1.77.Final/netty-codec-redis-4.1.77.Final.jar:/Users/smavani/.m2/repository/io/netty/netty-codec-smtp/4.1.77.Final/netty-codec-smtp-4.1.77.Final.jar:/Users/smavani/.m2/repository/io/netty/netty-codec-socks/4.1.77.Final/netty-codec-socks-4.1.77.Final.jar:/Users/smavani/.m2/repository/io/netty/netty-codec-stomp/4.1.77.Final/netty-codec-stomp-4.1.77.Final.jar:/Users/smavani/.m2/repository/io/netty/netty-codec-xml/4.1.77.Final/netty-codec-xml-4.1.77.Final.jar:/Users/smavani/.m2/repository/io/netty/netty-common/4.1.77.Final/netty-common-4.1.77.Final.jar:/Users/smavani/.m2/repository/io/netty/netty-handler-proxy/4.1.77.Final/netty-handler-proxy-4.1.77.Final.jar:/Users/smavani/.m2/repository/io/netty/netty-resolver/4.1.77.Final/netty-resolver-4.1.77.Final.jar:/Users/smavani/.m2/repository/io/netty/netty-resolver-dns/4.1.77.Final/netty-resolver-dns-4.1.77.Final.jar:/Users/smavani/.m2/repository/io/netty/netty-transport/4.1.77.Final/netty-transport-4.1.77.Final.jar:/Users/smavani/.m2/repository/io/netty/netty-transport-rxtx/4.1.77.Final/netty-transport-rxtx-4.1.77.Final.jar:/Users/smavani/.m2/repository/io/netty/netty-transport-sctp/4.1.77.Final/netty-transport-sctp-4.1.77.Final.jar:/Users/smavani/.m2/repository/io/netty/netty-transport-udt/4.1.77.Final/netty-transport-udt-4.1.77.Final.jar:/Users/smavani/.m2/repository/io/netty/netty-transport-classes-epoll/4.1.77.Final/netty-transport-classes-epoll-4.1.77.Final.jar:/Users/smavani/.m2/repository/io/netty/netty-transport-native-unix-common/4.1.77.Final/netty-transport-native-unix-common-4.1.77.Final.jar:/Users/smavani/.m2/repository/io/netty/netty-transport-classes-kqueue/4.1.77.Final/netty-transport-classes-kqueue-4.1.77.Final.jar:/Users/smavani/.m2/repository/io/netty/netty-resolver-dns-classes-macos/4.1.77.Final/netty-resolver-dns-classes-macos-4.1.77.Final.jar:/Users/smavani/.m2/repository/io/netty/netty-transport-native-epoll/4.1.77.Final/netty-transport-native-epoll-4.1.77.Final-linux-x86_64.jar:/Users/smavani/.m2/repository/io/netty/netty-transport-native-epoll/4.1.77.Final/netty-transport-native-epoll-4.1.77.Final-linux-aarch_64.jar:/Users/smavani/.m2/repository/io/netty/netty-transport-native-kqueue/4.1.77.Final/netty-transport-native-kqueue-4.1.77.Final-osx-x86_64.jar:/Users/smavani/.m2/repository/io/netty/netty-transport-native-kqueue/4.1.77.Final/netty-transport-native-kqueue-4.1.77.Final-osx-aarch_64.jar:/Users/smavani/.m2/repository/io/netty/netty-resolver-dns-native-macos/4.1.77.Final/netty-resolver-dns-native-macos-4.1.77.Final-osx-x86_64.jar:/Users/smavani/.m2/repository/io/netty/netty-resolver-dns-native-macos/4.1.77.Final/netty-resolver-dns-native-macos-4.1.77.Final-osx-aarch_64.jar:/Users/smavani/.m2/repository/org/fusesource/leveldbjni/leveldbjni-all/1.8/leveldbjni-all-1.8.jar:/Users/smavani/.m2/repository/org/apache/hadoop/hadoop-hdfs-client/3.3.5/hadoop-hdfs-client-3.3.5.jar:/Users/smavani/.m2/repository/com/squareup/okhttp3/okhttp/4.9.3/okhttp-4.9.3.jar:/Users/smavani/.m2/repository/com/squareup/okio/okio/2.8.0/okio-2.8.0.jar:/Users/smavani/.m2/repository/org/jetbrains/kotlin/kotlin-stdlib/1.4.10/kotlin-stdlib-1.4.10.jar:/Users/smavani/.m2/repository/org/jetbrains/kotlin/kotlin-stdlib-common/1.4.10/kotlin-stdlib-common-1.4.10.jar:"/>
    <property name="java.vm.vendor" value="Homebrew"/>
    <property name="sun.arch.data.model" value="64"/>
    <property name="java.vendor.url" value="https://github.com/Homebrew/homebrew-core/issues"/>
    <property name="os.name" value="Mac OS X"/>
    <property name="java.vm.specification.version" value="19"/>
    <property name="sun.java.launcher" value="SUN_STANDARD"/>
    <property name="user.country" value="IN"/>
    <property name="sun.boot.library.path" value="/opt/homebrew/Cellar/openjdk/19.0.2/libexec/openjdk.jdk/Contents/Home/lib"/>
    <property name="sun.java.command" value="/Users/smavani/IdeaProjects/nifi-tp-bundle/nifi-tp-processors/target/surefire/surefirebooter4334931112368582244.jar /Users/smavani/IdeaProjects/nifi-tp-bundle/nifi-tp-processors/target/surefire 2023-04-25T17-36-08_891-jvmRun1 surefire15476542587867314445tmp surefire_09087773564346496261tmp"/>
    <property name="http.nonProxyHosts" value="local|*.local|169.254/16|*.169.254/16"/>
    <property name="jdk.debug" value="release"/>
    <property name="surefire.test.class.path" value="/Users/smavani/IdeaProjects/nifi-tp-bundle/nifi-tp-processors/target/test-classes:/Users/smavani/IdeaProjects/nifi-tp-bundle/nifi-tp-processors/target/classes:/Users/smavani/.m2/repository/org/apache/nifi/nifi-api/1.18.0/nifi-api-1.18.0.jar:/Users/smavani/.m2/repository/org/apache/nifi/nifi-utils/1.18.0/nifi-utils-1.18.0.jar:/Users/smavani/.m2/repository/jakarta/xml/bind/jakarta.xml.bind-api/2.3.3/jakarta.xml.bind-api-2.3.3.jar:/Users/smavani/.m2/repository/org/glassfish/jaxb/jaxb-runtime/2.3.5/jaxb-runtime-2.3.5.jar:/Users/smavani/.m2/repository/org/glassfish/jaxb/txw2/2.3.5/txw2-2.3.5.jar:/Users/smavani/.m2/repository/com/sun/istack/istack-commons-runtime/3.0.12/istack-commons-runtime-3.0.12.jar:/Users/smavani/.m2/repository/com/sun/activation/jakarta.activation/1.2.2/jakarta.activation-1.2.2.jar:/Users/smavani/.m2/repository/org/apache/nifi/nifi-mock/1.18.0/nifi-mock-1.18.0.jar:/Users/smavani/.m2/repository/org/apache/nifi/nifi-framework-api/1.18.0/nifi-framework-api-1.18.0.jar:/Users/smavani/.m2/repository/org/apache/nifi/nifi-parameter/1.18.0/nifi-parameter-1.18.0.jar:/Users/smavani/.m2/repository/org/apache/nifi/nifi-framework-core-api/1.18.0/nifi-framework-core-api-1.18.0.jar:/Users/smavani/.m2/repository/org/apache/nifi/nifi-framework-nar-utils/1.18.0/nifi-framework-nar-utils-1.18.0.jar:/Users/smavani/.m2/repository/org/apache/nifi/nifi-runtime-manifest-core/1.18.0/nifi-runtime-manifest-core-1.18.0.jar:/Users/smavani/.m2/repository/org/apache/nifi/nifi-extension-manifest-model/1.18.0/nifi-extension-manifest-model-1.18.0.jar:/Users/smavani/.m2/repository/org/apache/nifi/nifi-extension-manifest-parser/1.18.0/nifi-extension-manifest-parser-1.18.0.jar:/Users/smavani/.m2/repository/org/apache/nifi/nifi-client-dto/1.18.0/nifi-client-dto-1.18.0.jar:/Users/smavani/.m2/repository/io/swagger/swagger-annotations/1.6.6/swagger-annotations-1.6.6.jar:/Users/smavani/.m2/repository/org/apache/nifi/c2-protocol-component-api/1.18.0/c2-protocol-component-api-1.18.0.jar:/Users/smavani/.m2/repository/org/apache/nifi/nifi-site-to-site-client/1.18.0/nifi-site-to-site-client-1.18.0.jar:/Users/smavani/.m2/repository/org/apache/nifi/nifi-security-utils/1.18.0/nifi-security-utils-1.18.0.jar:/Users/smavani/.m2/repository/org/apache/nifi/nifi-deprecation-log/1.18.0/nifi-deprecation-log-1.18.0.jar:/Users/smavani/.m2/repository/org/apache/nifi/nifi-security-utils-api/1.18.0/nifi-security-utils-api-1.18.0.jar:/Users/smavani/.m2/repository/org/bouncycastle/bcpkix-jdk15on/1.70/bcpkix-jdk15on-1.70.jar:/Users/smavani/.m2/repository/org/bouncycastle/bcutil-jdk15on/1.70/bcutil-jdk15on-1.70.jar:/Users/smavani/.m2/repository/org/apache/nifi/nifi-properties/1.18.0/nifi-properties-1.18.0.jar:/Users/smavani/.m2/repository/org/apache/nifi/nifi-property-utils/1.18.0/nifi-property-utils-1.18.0.jar:/Users/smavani/.m2/repository/at/favre/lib/bcrypt/0.9.0/bcrypt-0.9.0.jar:/Users/smavani/.m2/repository/at/favre/lib/bytes/1.3.0/bytes-1.3.0.jar:/Users/smavani/.m2/repository/org/apache/nifi/nifi-xml-processing/1.18.0/nifi-xml-processing-1.18.0.jar:/Users/smavani/.m2/repository/org/apache/httpcomponents/client5/httpclient5/5.0-beta4/httpclient5-5.0-beta4.jar:/Users/smavani/.m2/repository/org/apache/httpcomponents/core5/httpcore5/5.0-beta7/httpcore5-5.0-beta7.jar:/Users/smavani/.m2/repository/org/apache/httpcomponents/core5/httpcore5-h2/5.0-beta7/httpcore5-h2-5.0-beta7.jar:/Users/smavani/.m2/repository/org/apache/httpcomponents/httpasyncclient/4.1.4/httpasyncclient-4.1.4.jar:/Users/smavani/.m2/repository/org/apache/httpcomponents/httpcore-nio/4.4.10/httpcore-nio-4.4.10.jar:/Users/smavani/.m2/repository/javax/validation/validation-api/2.0.1.Final/validation-api-2.0.1.Final.jar:/Users/smavani/.m2/repository/org/apache/nifi/nifi-framework-authorization/1.18.0/nifi-framework-authorization-1.18.0.jar:/Users/smavani/.m2/repository/org/apache/nifi/nifi-expression-language/1.18.0/nifi-expression-language-1.18.0.jar:/Users/smavani/.m2/repository/org/antlr/antlr-runtime/3.5.2/antlr-runtime-3.5.2.jar:/Users/smavani/.m2/repository/org/apache/nifi/nifi-uuid5/1.18.0/nifi-uuid5-1.18.0.jar:/Users/smavani/.m2/repository/com/jayway/jsonpath/json-path/2.6.0/json-path-2.6.0.jar:/Users/smavani/.m2/repository/org/apache/nifi/nifi-data-provenance-utils/1.18.0/nifi-data-provenance-utils-1.18.0.jar:/Users/smavani/.m2/repository/org/junit/jupiter/junit-jupiter-api/5.9.0/junit-jupiter-api-5.9.0.jar:/Users/smavani/.m2/repository/org/opentest4j/opentest4j/1.2.0/opentest4j-1.2.0.jar:/Users/smavani/.m2/repository/org/junit/platform/junit-platform-commons/1.9.0/junit-platform-commons-1.9.0.jar:/Users/smavani/.m2/repository/org/apiguardian/apiguardian-api/1.1.2/apiguardian-api-1.1.2.jar:/Users/smavani/.m2/repository/org/slf4j/slf4j-simple/2.0.5/slf4j-simple-2.0.5.jar:/Users/smavani/.m2/repository/org/slf4j/slf4j-api/2.0.5/slf4j-api-2.0.5.jar:/Users/smavani/.m2/repository/javax/ws/rs/javax.ws.rs-api/2.1.1/javax.ws.rs-api-2.1.1.jar:/Users/smavani/.m2/repository/com/fasterxml/jackson/core/jackson-databind/2.13.4.1/jackson-databind-2.13.4.1.jar:/Users/smavani/.m2/repository/com/fasterxml/jackson/core/jackson-annotations/2.13.4/jackson-annotations-2.13.4.jar:/Users/smavani/.m2/repository/com/fasterxml/jackson/core/jackson-core/2.13.4/jackson-core-2.13.4.jar:/Users/smavani/.m2/repository/com/fasterxml/jackson/datatype/jackson-datatype-jsr310/2.13.3/jackson-datatype-jsr310-2.13.3.jar:/Users/smavani/.m2/repository/com/fasterxml/jackson/jaxrs/jackson-jaxrs-json-provider/2.13.4/jackson-jaxrs-json-provider-2.13.4.jar:/Users/smavani/.m2/repository/com/fasterxml/jackson/jaxrs/jackson-jaxrs-base/2.13.4/jackson-jaxrs-base-2.13.4.jar:/Users/smavani/.m2/repository/com/fasterxml/jackson/module/jackson-module-jaxb-annotations/2.13.4/jackson-module-jaxb-annotations-2.13.4.jar:/Users/smavani/.m2/repository/org/apache/httpcomponents/httpclient/4.5.13/httpclient-4.5.13.jar:/Users/smavani/.m2/repository/org/apache/httpcomponents/httpcore/4.4.13/httpcore-4.4.13.jar:/Users/smavani/.m2/repository/commons-logging/commons-logging/1.2/commons-logging-1.2.jar:/Users/smavani/.m2/repository/commons-codec/commons-codec/1.11/commons-codec-1.11.jar:/Users/smavani/.m2/repository/org/glassfish/jersey/core/jersey-client/2.34/jersey-client-2.34.jar:/Users/smavani/.m2/repository/jakarta/ws/rs/jakarta.ws.rs-api/2.1.6/jakarta.ws.rs-api-2.1.6.jar:/Users/smavani/.m2/repository/org/glassfish/jersey/core/jersey-common/2.34/jersey-common-2.34.jar:/Users/smavani/.m2/repository/jakarta/annotation/jakarta.annotation-api/1.3.5/jakarta.annotation-api-1.3.5.jar:/Users/smavani/.m2/repository/org/glassfish/hk2/osgi-resource-locator/1.0.3/osgi-resource-locator-1.0.3.jar:/Users/smavani/.m2/repository/org/glassfish/hk2/external/jakarta.inject/2.6.1/jakarta.inject-2.6.1.jar:/Users/smavani/.m2/repository/org/glassfish/jersey/connectors/jersey-apache-connector/2.34/jersey-apache-connector-2.34.jar:/Users/smavani/.m2/repository/org/bouncycastle/bcprov-jdk15on/1.69/bcprov-jdk15on-1.69.jar:/Users/smavani/.m2/repository/org/glassfish/jersey/inject/jersey-hk2/2.26/jersey-hk2-2.26.jar:/Users/smavani/.m2/repository/org/glassfish/hk2/hk2-locator/2.5.0-b42/hk2-locator-2.5.0-b42.jar:/Users/smavani/.m2/repository/org/glassfish/hk2/external/javax.inject/2.5.0-b42/javax.inject-2.5.0-b42.jar:/Users/smavani/.m2/repository/javax/annotation/javax.annotation-api/1.2/javax.annotation-api-1.2.jar:/Users/smavani/.m2/repository/org/javassist/javassist/3.22.0-CR2/javassist-3.22.0-CR2.jar:/Users/smavani/.m2/repository/org/glassfish/hk2/hk2-api/2.6.1/hk2-api-2.6.1.jar:/Users/smavani/.m2/repository/org/glassfish/hk2/hk2-utils/2.6.1/hk2-utils-2.6.1.jar:/Users/smavani/.m2/repository/org/glassfish/hk2/external/aopalliance-repackaged/2.6.1/aopalliance-repackaged-2.6.1.jar:/Users/smavani/.m2/repository/com/google/guava/guava/30.1.1-jre/guava-30.1.1-jre.jar:/Users/smavani/.m2/repository/com/google/guava/failureaccess/1.0.1/failureaccess-1.0.1.jar:/Users/smavani/.m2/repository/com/google/guava/listenablefuture/9999.0-empty-to-avoid-conflict-with-guava/listenablefuture-9999.0-empty-to-avoid-conflict-with-guava.jar:/Users/smavani/.m2/repository/com/google/code/findbugs/jsr305/3.0.2/jsr305-3.0.2.jar:/Users/smavani/.m2/repository/org/checkerframework/checker-qual/3.8.0/checker-qual-3.8.0.jar:/Users/smavani/.m2/repository/com/google/errorprone/error_prone_annotations/2.5.1/error_prone_annotations-2.5.1.jar:/Users/smavani/.m2/repository/com/google/j2objc/j2objc-annotations/1.3/j2objc-annotations-1.3.jar:/Users/smavani/.m2/repository/org/apache/commons/commons-compress/1.21/commons-compress-1.21.jar:/Users/smavani/.m2/repository/junit/junit/4.13.2/junit-4.13.2.jar:/Users/smavani/.m2/repository/org/hamcrest/hamcrest-core/1.3/hamcrest-core-1.3.jar:/Users/smavani/.m2/repository/org/apache/hadoop/hadoop-common/3.3.4/hadoop-common-3.3.4.jar:/Users/smavani/.m2/repository/org/apache/hadoop/thirdparty/hadoop-shaded-protobuf_3_7/1.1.1/hadoop-shaded-protobuf_3_7-1.1.1.jar:/Users/smavani/.m2/repository/org/apache/hadoop/hadoop-annotations/3.3.4/hadoop-annotations-3.3.4.jar:/Users/smavani/.m2/repository/org/apache/hadoop/thirdparty/hadoop-shaded-guava/1.1.1/hadoop-shaded-guava-1.1.1.jar:/Users/smavani/.m2/repository/commons-cli/commons-cli/1.2/commons-cli-1.2.jar:/Users/smavani/.m2/repository/org/apache/commons/commons-math3/3.1.1/commons-math3-3.1.1.jar:/Users/smavani/.m2/repository/commons-io/commons-io/2.8.0/commons-io-2.8.0.jar:/Users/smavani/.m2/repository/commons-net/commons-net/3.6/commons-net-3.6.jar:/Users/smavani/.m2/repository/commons-collections/commons-collections/3.2.2/commons-collections-3.2.2.jar:/Users/smavani/.m2/repository/javax/servlet/javax.servlet-api/3.1.0/javax.servlet-api-3.1.0.jar:/Users/smavani/.m2/repository/jakarta/activation/jakarta.activation-api/1.2.1/jakarta.activation-api-1.2.1.jar:/Users/smavani/.m2/repository/org/eclipse/jetty/jetty-server/9.4.43.v20210629/jetty-server-9.4.43.v20210629.jar:/Users/smavani/.m2/repository/org/eclipse/jetty/jetty-http/9.4.43.v20210629/jetty-http-9.4.43.v20210629.jar:/Users/smavani/.m2/repository/org/eclipse/jetty/jetty-io/9.4.43.v20210629/jetty-io-9.4.43.v20210629.jar:/Users/smavani/.m2/repository/org/eclipse/jetty/jetty-util/9.4.43.v20210629/jetty-util-9.4.43.v20210629.jar:/Users/smavani/.m2/repository/org/eclipse/jetty/jetty-servlet/9.4.43.v20210629/jetty-servlet-9.4.43.v20210629.jar:/Users/smavani/.m2/repository/org/eclipse/jetty/jetty-security/9.4.43.v20210629/jetty-security-9.4.43.v20210629.jar:/Users/smavani/.m2/repository/org/eclipse/jetty/jetty-webapp/9.4.43.v20210629/jetty-webapp-9.4.43.v20210629.jar:/Users/smavani/.m2/repository/org/eclipse/jetty/jetty-xml/9.4.43.v20210629/jetty-xml-9.4.43.v20210629.jar:/Users/smavani/.m2/repository/javax/servlet/jsp/jsp-api/2.1/jsp-api-2.1.jar:/Users/smavani/.m2/repository/com/sun/jersey/jersey-core/1.19/jersey-core-1.19.jar:/Users/smavani/.m2/repository/javax/ws/rs/jsr311-api/1.1.1/jsr311-api-1.1.1.jar:/Users/smavani/.m2/repository/com/sun/jersey/jersey-servlet/1.19/jersey-servlet-1.19.jar:/Users/smavani/.m2/repository/com/sun/jersey/jersey-json/1.19/jersey-json-1.19.jar:/Users/smavani/.m2/repository/org/codehaus/jettison/jettison/1.1/jettison-1.1.jar:/Users/smavani/.m2/repository/com/sun/xml/bind/jaxb-impl/2.2.3-1/jaxb-impl-2.2.3-1.jar:/Users/smavani/.m2/repository/javax/xml/bind/jaxb-api/2.2.2/jaxb-api-2.2.2.jar:/Users/smavani/.m2/repository/javax/xml/stream/stax-api/1.0-2/stax-api-1.0-2.jar:/Users/smavani/.m2/repository/javax/activation/activation/1.1/activation-1.1.jar:/Users/smavani/.m2/repository/org/codehaus/jackson/jackson-core-asl/1.9.2/jackson-core-asl-1.9.2.jar:/Users/smavani/.m2/repository/org/codehaus/jackson/jackson-mapper-asl/1.9.2/jackson-mapper-asl-1.9.2.jar:/Users/smavani/.m2/repository/org/codehaus/jackson/jackson-jaxrs/1.9.2/jackson-jaxrs-1.9.2.jar:/Users/smavani/.m2/repository/org/codehaus/jackson/jackson-xc/1.9.2/jackson-xc-1.9.2.jar:/Users/smavani/.m2/repository/com/sun/jersey/jersey-server/1.19/jersey-server-1.19.jar:/Users/smavani/.m2/repository/ch/qos/reload4j/reload4j/1.2.22/reload4j-1.2.22.jar:/Users/smavani/.m2/repository/commons-beanutils/commons-beanutils/1.9.4/commons-beanutils-1.9.4.jar:/Users/smavani/.m2/repository/org/apache/commons/commons-configuration2/2.1.1/commons-configuration2-2.1.1.jar:/Users/smavani/.m2/repository/org/apache/commons/commons-lang3/3.12.0/commons-lang3-3.12.0.jar:/Users/smavani/.m2/repository/org/apache/commons/commons-text/1.4/commons-text-1.4.jar:/Users/smavani/.m2/repository/org/slf4j/slf4j-reload4j/1.7.36/slf4j-reload4j-1.7.36.jar:/Users/smavani/.m2/repository/org/apache/avro/avro/1.7.7/avro-1.7.7.jar:/Users/smavani/.m2/repository/com/thoughtworks/paranamer/paranamer/2.3/paranamer-2.3.jar:/Users/smavani/.m2/repository/com/google/re2j/re2j/1.1/re2j-1.1.jar:/Users/smavani/.m2/repository/com/google/protobuf/protobuf-java/2.5.0/protobuf-java-2.5.0.jar:/Users/smavani/.m2/repository/com/google/code/gson/gson/2.8.9/gson-2.8.9.jar:/Users/smavani/.m2/repository/org/apache/hadoop/hadoop-auth/3.3.4/hadoop-auth-3.3.4.jar:/Users/smavani/.m2/repository/com/nimbusds/nimbus-jose-jwt/9.8.1/nimbus-jose-jwt-9.8.1.jar:/Users/smavani/.m2/repository/com/github/stephenc/jcip/jcip-annotations/1.0-1/jcip-annotations-1.0-1.jar:/Users/smavani/.m2/repository/net/minidev/json-smart/2.4.7/json-smart-2.4.7.jar:/Users/smavani/.m2/repository/net/minidev/accessors-smart/2.4.7/accessors-smart-2.4.7.jar:/Users/smavani/.m2/repository/org/ow2/asm/asm/9.1/asm-9.1.jar:/Users/smavani/.m2/repository/org/apache/curator/curator-framework/4.2.0/curator-framework-4.2.0.jar:/Users/smavani/.m2/repository/org/apache/kerby/kerb-simplekdc/1.0.1/kerb-simplekdc-1.0.1.jar:/Users/smavani/.m2/repository/org/apache/kerby/kerb-client/1.0.1/kerb-client-1.0.1.jar:/Users/smavani/.m2/repository/org/apache/kerby/kerby-config/1.0.1/kerby-config-1.0.1.jar:/Users/smavani/.m2/repository/org/apache/kerby/kerb-common/1.0.1/kerb-common-1.0.1.jar:/Users/smavani/.m2/repository/org/apache/kerby/kerb-crypto/1.0.1/kerb-crypto-1.0.1.jar:/Users/smavani/.m2/repository/org/apache/kerby/kerb-util/1.0.1/kerb-util-1.0.1.jar:/Users/smavani/.m2/repository/org/apache/kerby/token-provider/1.0.1/token-provider-1.0.1.jar:/Users/smavani/.m2/repository/org/apache/kerby/kerb-admin/1.0.1/kerb-admin-1.0.1.jar:/Users/smavani/.m2/repository/org/apache/kerby/kerb-server/1.0.1/kerb-server-1.0.1.jar:/Users/smavani/.m2/repository/org/apache/kerby/kerb-identity/1.0.1/kerb-identity-1.0.1.jar:/Users/smavani/.m2/repository/org/apache/kerby/kerby-xdr/1.0.1/kerby-xdr-1.0.1.jar:/Users/smavani/.m2/repository/com/jcraft/jsch/0.1.55/jsch-0.1.55.jar:/Users/smavani/.m2/repository/org/apache/curator/curator-client/4.2.0/curator-client-4.2.0.jar:/Users/smavani/.m2/repository/org/apache/curator/curator-recipes/4.2.0/curator-recipes-4.2.0.jar:/Users/smavani/.m2/repository/org/apache/zookeeper/zookeeper/3.5.6/zookeeper-3.5.6.jar:/Users/smavani/.m2/repository/org/apache/zookeeper/zookeeper-jute/3.5.6/zookeeper-jute-3.5.6.jar:/Users/smavani/.m2/repository/org/apache/yetus/audience-annotations/0.5.0/audience-annotations-0.5.0.jar:/Users/smavani/.m2/repository/io/netty/netty-handler/4.1.42.Final/netty-handler-4.1.42.Final.jar:/Users/smavani/.m2/repository/io/netty/netty-transport-native-epoll/4.1.42.Final/netty-transport-native-epoll-4.1.42.Final.jar:/Users/smavani/.m2/repository/org/slf4j/slf4j-log4j12/1.7.25/slf4j-log4j12-1.7.25.jar:/Users/smavani/.m2/repository/log4j/log4j/1.2.17/log4j-1.2.17.jar:/Users/smavani/.m2/repository/org/apache/kerby/kerb-core/1.0.1/kerb-core-1.0.1.jar:/Users/smavani/.m2/repository/org/apache/kerby/kerby-pkix/1.0.1/kerby-pkix-1.0.1.jar:/Users/smavani/.m2/repository/org/apache/kerby/kerby-asn1/1.0.1/kerby-asn1-1.0.1.jar:/Users/smavani/.m2/repository/org/apache/kerby/kerby-util/1.0.1/kerby-util-1.0.1.jar:/Users/smavani/.m2/repository/org/codehaus/woodstox/stax2-api/4.2.1/stax2-api-4.2.1.jar:/Users/smavani/.m2/repository/com/fasterxml/woodstox/woodstox-core/5.3.0/woodstox-core-5.3.0.jar:/Users/smavani/.m2/repository/dnsjava/dnsjava/2.1.7/dnsjava-2.1.7.jar:/Users/smavani/.m2/repository/org/xerial/snappy/snappy-java/1.1.8.2/snappy-java-1.1.8.2.jar:/Users/smavani/.m2/repository/org/apache/hadoop/hadoop-hdfs/3.3.5/hadoop-hdfs-3.3.5.jar:/Users/smavani/.m2/repository/org/eclipse/jetty/jetty-util-ajax/9.4.48.v20220622/jetty-util-ajax-9.4.48.v20220622.jar:/Users/smavani/.m2/repository/commons-daemon/commons-daemon/1.0.13/commons-daemon-1.0.13.jar:/Users/smavani/.m2/repository/io/netty/netty/3.10.6.Final/netty-3.10.6.Final.jar:/Users/smavani/.m2/repository/io/netty/netty-all/4.1.77.Final/netty-all-4.1.77.Final.jar:/Users/smavani/.m2/repository/io/netty/netty-buffer/4.1.77.Final/netty-buffer-4.1.77.Final.jar:/Users/smavani/.m2/repository/io/netty/netty-codec/4.1.77.Final/netty-codec-4.1.77.Final.jar:/Users/smavani/.m2/repository/io/netty/netty-codec-dns/4.1.77.Final/netty-codec-dns-4.1.77.Final.jar:/Users/smavani/.m2/repository/io/netty/netty-codec-haproxy/4.1.77.Final/netty-codec-haproxy-4.1.77.Final.jar:/Users/smavani/.m2/repository/io/netty/netty-codec-http/4.1.77.Final/netty-codec-http-4.1.77.Final.jar:/Users/smavani/.m2/repository/io/netty/netty-codec-http2/4.1.77.Final/netty-codec-http2-4.1.77.Final.jar:/Users/smavani/.m2/repository/io/netty/netty-codec-memcache/4.1.77.Final/netty-codec-memcache-4.1.77.Final.jar:/Users/smavani/.m2/repository/io/netty/netty-codec-mqtt/4.1.77.Final/netty-codec-mqtt-4.1.77.Final.jar:/Users/smavani/.m2/repository/io/netty/netty-codec-redis/4.1.77.Final/netty-codec-redis-4.1.77.Final.jar:/Users/smavani/.m2/repository/io/netty/netty-codec-smtp/4.1.77.Final/netty-codec-smtp-4.1.77.Final.jar:/Users/smavani/.m2/repository/io/netty/netty-codec-socks/4.1.77.Final/netty-codec-socks-4.1.77.Final.jar:/Users/smavani/.m2/repository/io/netty/netty-codec-stomp/4.1.77.Final/netty-codec-stomp-4.1.77.Final.jar:/Users/smavani/.m2/repository/io/netty/netty-codec-xml/4.1.77.Final/netty-codec-xml-4.1.77.Final.jar:/Users/smavani/.m2/repository/io/netty/netty-common/4.1.77.Final/netty-common-4.1.77.Final.jar:/Users/smavani/.m2/repository/io/netty/netty-handler-proxy/4.1.77.Final/netty-handler-proxy-4.1.77.Final.jar:/Users/smavani/.m2/repository/io/netty/netty-resolver/4.1.77.Final/netty-resolver-4.1.77.Final.jar:/Users/smavani/.m2/repository/io/netty/netty-resolver-dns/4.1.77.Final/netty-resolver-dns-4.1.77.Final.jar:/Users/smavani/.m2/repository/io/netty/netty-transport/4.1.77.Final/netty-transport-4.1.77.Final.jar:/Users/smavani/.m2/repository/io/netty/netty-transport-rxtx/4.1.77.Final/netty-transport-rxtx-4.1.77.Final.jar:/Users/smavani/.m2/repository/io/netty/netty-transport-sctp/4.1.77.Final/netty-transport-sctp-4.1.77.Final.jar:/Users/smavani/.m2/repository/io/netty/netty-transport-udt/4.1.77.Final/netty-transport-udt-4.1.77.Final.jar:/Users/smavani/.m2/repository/io/netty/netty-transport-classes-epoll/4.1.77.Final/netty-transport-classes-epoll-4.1.77.Final.jar:/Users/smavani/.m2/repository/io/netty/netty-transport-native-unix-common/4.1.77.Final/netty-transport-native-unix-common-4.1.77.Final.jar:/Users/smavani/.m2/repository/io/netty/netty-transport-classes-kqueue/4.1.77.Final/netty-transport-classes-kqueue-4.1.77.Final.jar:/Users/smavani/.m2/repository/io/netty/netty-resolver-dns-classes-macos/4.1.77.Final/netty-resolver-dns-classes-macos-4.1.77.Final.jar:/Users/smavani/.m2/repository/io/netty/netty-transport-native-epoll/4.1.77.Final/netty-transport-native-epoll-4.1.77.Final-linux-x86_64.jar:/Users/smavani/.m2/repository/io/netty/netty-transport-native-epoll/4.1.77.Final/netty-transport-native-epoll-4.1.77.Final-linux-aarch_64.jar:/Users/smavani/.m2/repository/io/netty/netty-transport-native-kqueue/4.1.77.Final/netty-transport-native-kqueue-4.1.77.Final-osx-x86_64.jar:/Users/smavani/.m2/repository/io/netty/netty-transport-native-kqueue/4.1.77.Final/netty-transport-native-kqueue-4.1.77.Final-osx-aarch_64.jar:/Users/smavani/.m2/repository/io/netty/netty-resolver-dns-native-macos/4.1.77.Final/netty-resolver-dns-native-macos-4.1.77.Final-osx-x86_64.jar:/Users/smavani/.m2/repository/io/netty/netty-resolver-dns-native-macos/4.1.77.Final/netty-resolver-dns-native-macos-4.1.77.Final-osx-aarch_64.jar:/Users/smavani/.m2/repository/org/fusesource/leveldbjni/leveldbjni-all/1.8/leveldbjni-all-1.8.jar:/Users/smavani/.m2/repository/org/apache/hadoop/hadoop-hdfs-client/3.3.5/hadoop-hdfs-client-3.3.5.jar:/Users/smavani/.m2/repository/com/squareup/okhttp3/okhttp/4.9.3/okhttp-4.9.3.jar:/Users/smavani/.m2/repository/com/squareup/okio/okio/2.8.0/okio-2.8.0.jar:/Users/smavani/.m2/repository/org/jetbrains/kotlin/kotlin-stdlib/1.4.10/kotlin-stdlib-1.4.10.jar:/Users/smavani/.m2/repository/org/jetbrains/kotlin/kotlin-stdlib-common/1.4.10/kotlin-stdlib-common-1.4.10.jar:"/>
    <property name="sun.cpu.endian" value="little"/>
    <property name="user.home" value="/Users/smavani"/>
    <property name="user.language" value="en"/>
    <property name="java.specification.vendor" value="Oracle Corporation"/>
    <property name="java.version.date" value="2023-01-17"/>
    <property name="java.home" value="/opt/homebrew/Cellar/openjdk/19.0.2/libexec/openjdk.jdk/Contents/Home"/>
    <property name="file.separator" value="/"/>
    <property name="basedir" value="/Users/smavani/IdeaProjects/nifi-tp-bundle/nifi-tp-processors"/>
    <property name="java.vm.compressedOopsMode" value="Zero based"/>
    <property name="line.separator" value="&#10;"/>
    <property name="java.vm.specification.vendor" value="Oracle Corporation"/>
    <property name="java.specification.name" value="Java Platform API Specification"/>
    <property name="apple.awt.application.name" value="ForkedBooter"/>
    <property name="surefire.real.class.path" value="/Users/smavani/IdeaProjects/nifi-tp-bundle/nifi-tp-processors/target/surefire/surefirebooter4334931112368582244.jar"/>
    <property name="sun.management.compiler" value="HotSpot 64-Bit Tiered Compilers"/>
    <property name="ftp.nonProxyHosts" value="local|*.local|169.254/16|*.169.254/16"/>
    <property name="java.runtime.version" value="19.0.2"/>
    <property name="user.name" value="smavani"/>
    <property name="stdout.encoding" value="UTF-8"/>
    <property name="path.separator" value=":"/>
    <property name="os.version" value="13.3.1"/>
    <property name="java.runtime.name" value="OpenJDK Runtime Environment"/>
    <property name="file.encoding" value="UTF-8"/>
    <property name="java.vm.name" value="OpenJDK 64-Bit Server VM"/>
    <property name="java.vendor.version" value="Homebrew"/>
    <property name="localRepository" value="/Users/smavani/.m2/repository"/>
    <property name="java.vendor.url.bug" value="https://github.com/Homebrew/homebrew-core/issues"/>
    <property name="java.io.tmpdir" value="/var/folders/9g/7qczyx611_146qwqscrf_sw40000gq/T/"/>
    <property name="java.version" value="19.0.2"/>
    <property name="user.dir" value="/Users/smavani/IdeaProjects/nifi-tp-bundle/nifi-tp-processors"/>
    <property name="os.arch" value="aarch64"/>
    <property name="java.vm.specification.name" value="Java Virtual Machine Specification"/>
    <property name="native.encoding" value="UTF-8"/>
    <property name="java.library.path" value="/Users/smavani/Library/Java/Extensions:/Library/Java/Extensions:/Network/Library/Java/Extensions:/System/Library/Java/Extensions:/usr/lib/java:."/>
    <property name="java.vm.info" value="mixed mode, sharing"/>
    <property name="stderr.encoding" value="UTF-8"/>
    <property name="java.vendor" value="Homebrew"/>
    <property name="java.vm.version" value="19.0.2"/>
    <property name="sun.io.unicode.encoding" value="UnicodeBig"/>
    <property name="socksNonProxyHosts" value="local|*.local|169.254/16|*.169.254/16"/>
    <property name="java.class.version" value="63.0"/>
  </properties>
  <testcase name="testProcessor" classname="com.cloudera.nifi.processors.tp.MyAppendTextTest" time="0.002"/>
</testsuite>